<?xml version="1.0" encoding="UTF-8"?>
<!-- Generated by org.testng.reporters.JUnitXMLReporter -->
<testsuite ignored="0" hostname="Dharny" failures="1" tests="15" name="Test" time="38.696" errors="0" timestamp="23 Sept 2024 15:31:41 GMT">
  <testcase classname="com.W3School.Home" name="LaunchingApplication" time="6.094"/>
  <testcase classname="com.W3School.Home" name="LaunchingApplication" time="3.738"/>
  <testcase classname="com.W3School.Home" name="test" time="0.656"/>
  <testcase classname="com.W3School.Home" name="test" time="0.384"/>
  <testcase classname="com.W3School.Home" name="test" time="0.356"/>
  <testcase classname="com.W3School.Home" name="test" time="0.304"/>
  <testcase classname="com.W3School.Home" name="test" time="0.33"/>
  <testcase classname="com.W3School.Home" name="test" time="0.311"/>
  <testcase classname="com.W3School.Home" name="Dark_mode" time="3.761"/>
  <testcase classname="com.W3School.Home" name="Dark_mode" time="0.253"/>
  <testcase classname="com.W3School.Home" name="all_nav_elements" time="2.26"/>
  <testcase classname="com.W3School.Home" name="all_nav_elements" time="1.222"/>
  <testcase classname="com.W3School.NavBar" name="navbar_tutorials" time="1.43"/>
  <testcase classname="com.W3School.NavBar" name="navbar_plus" time="15.16">
    <failure type="org.openqa.selenium.NoSuchElementException" message="no such element: Unable to locate element: {&amp;quot;method&amp;quot;:&amp;quot;css selector&amp;quot;,&amp;quot;selector&amp;quot;:&amp;quot;#\/\/h3\[text\(\)\ \=\ \&amp;apos;Unlock\ Powerful\ Features\&amp;apos;\]\/\/\ \ preceding\ \:\:\ a\[\@href\ \=\ \&amp;apos;\/plus\/index\.php\&amp;apos;\]\ &amp;quot;}
  (Session info: MicrosoftEdge=129.0.2792.52)
For documentation on this error, please visit: https://www.selenium.dev/documentation/webdriver/troubleshooting/errors#no-such-element-exception
Build info: version: &amp;apos;4.10.0&amp;apos;, revision: &amp;apos;c14d967899&amp;apos;
System info: os.name: &amp;apos;Windows 11&amp;apos;, os.arch: &amp;apos;amd64&amp;apos;, os.version: &amp;apos;10.0&amp;apos;, java.version: &amp;apos;22.0.2&amp;apos;
Driver info: org.openqa.selenium.edge.EdgeDriver
Command: [f7169256030858e335feee9803432919, findElement {using=id, value=//h3[text() = &amp;apos;Unlock Powerful Features&amp;apos;]//  preceding :: a[@href = &amp;apos;/plus/index.php&amp;apos;] }]
Capabilities {acceptInsecureCerts: false, browserName: MicrosoftEdge, browserVersion: 129.0.2792.52, fedcm:accounts: true, ms:edgeOptions: {debuggerAddress: localhost:63579}, msedge: {msedgedriverVersion: 129.0.2792.52 (6462e8fc16ec..., userDataDir: C:\Users\dharn\AppData\Loca...}, networkConnectionEnabled: false, pageLoadStrategy: normal, platformName: windows, proxy: Proxy(), se:cdp: ws://localhost:63579/devtoo..., se:cdpVersion: 129.0.2792.52, setWindowRect: true, strictFileInteractability: false, timeouts: {implicit: 0, pageLoad: 300000, script: 30000}, unhandledPromptBehavior: dismiss and notify, webauthn:extension:credBlob: true, webauthn:extension:largeBlob: true, webauthn:extension:minPinLength: true, webauthn:extension:prf: true, webauthn:virtualAuthenticators: true}
Session ID: f7169256030858e335feee9803432919">
      <![CDATA[org.openqa.selenium.NoSuchElementException: no such element: Unable to locate element: {"method":"css selector","selector":"#\/\/h3\[text\(\)\ \=\ \'Unlock\ Powerful\ Features\'\]\/\/\ \ preceding\ \:\:\ a\[\@href\ \=\ \'\/plus\/index\.php\'\]\ "}
  (Session info: MicrosoftEdge=129.0.2792.52)
For documentation on this error, please visit: https://www.selenium.dev/documentation/webdriver/troubleshooting/errors#no-such-element-exception
Build info: version: '4.10.0', revision: 'c14d967899'
System info: os.name: 'Windows 11', os.arch: 'amd64', os.version: '10.0', java.version: '22.0.2'
Driver info: org.openqa.selenium.edge.EdgeDriver
Command: [f7169256030858e335feee9803432919, findElement {using=id, value=//h3[text() = 'Unlock Powerful Features']//  preceding :: a[@href = '/plus/index.php'] }]
Capabilities {acceptInsecureCerts: false, browserName: MicrosoftEdge, browserVersion: 129.0.2792.52, fedcm:accounts: true, ms:edgeOptions: {debuggerAddress: localhost:63579}, msedge: {msedgedriverVersion: 129.0.2792.52 (6462e8fc16ec..., userDataDir: C:\Users\dharn\AppData\Loca...}, networkConnectionEnabled: false, pageLoadStrategy: normal, platformName: windows, proxy: Proxy(), se:cdp: ws://localhost:63579/devtoo..., se:cdpVersion: 129.0.2792.52, setWindowRect: true, strictFileInteractability: false, timeouts: {implicit: 0, pageLoad: 300000, script: 30000}, unhandledPromptBehavior: dismiss and notify, webauthn:extension:credBlob: true, webauthn:extension:largeBlob: true, webauthn:extension:minPinLength: true, webauthn:extension:prf: true, webauthn:virtualAuthenticators: true}
Session ID: f7169256030858e335feee9803432919
	at org.openqa.selenium.remote.codec.w3c.W3CHttpResponseCodec.createException(W3CHttpResponseCodec.java:199)
	at org.openqa.selenium.remote.codec.w3c.W3CHttpResponseCodec.decode(W3CHttpResponseCodec.java:132)
	at org.openqa.selenium.remote.codec.w3c.W3CHttpResponseCodec.decode(W3CHttpResponseCodec.java:51)
	at org.openqa.selenium.remote.HttpCommandExecutor.execute(HttpCommandExecutor.java:191)
	at org.openqa.selenium.remote.service.DriverCommandExecutor.invokeExecute(DriverCommandExecutor.java:196)
	at org.openqa.selenium.remote.service.DriverCommandExecutor.execute(DriverCommandExecutor.java:171)
	at org.openqa.selenium.remote.RemoteWebDriver.execute(RemoteWebDriver.java:531)
	at org.openqa.selenium.remote.ElementLocation$ElementFinder$2.findElement(ElementLocation.java:165)
	at org.openqa.selenium.remote.ElementLocation.findElement(ElementLocation.java:59)
	at org.openqa.selenium.remote.RemoteWebDriver.findElement(RemoteWebDriver.java:350)
	at org.openqa.selenium.remote.RemoteWebDriver.findElement(RemoteWebDriver.java:344)
	at com.W3School.NavBar.navbar_plus(NavBar.java:57)
... Removed 26 stack frames]]>
    </failure>
  </testcase> <!-- navbar_plus -->
  <testcase classname="com.W3School.NavBar" name="navbar_services" time="2.285"/>
</testsuite> <!-- Test -->
